d:\programme\ue4 projects\limesrepo\limes\polarmath\debug\polarmath.pdb
d:\programme\ue4 projects\limesrepo\limes\polarmath\debug\polarmath.idb
d:\programme\ue4 projects\limesrepo\limes\polarmath\debug\vector.obj
d:\programme\ue4 projects\limesrepo\limes\polarmath\debug\globals.obj
d:\programme\ue4 projects\limesrepo\limes\polarmath\debug\polartransform.obj
d:\programme\ue4 projects\limesrepo\limes\polarmath\debug\polarpoint.obj
d:\programme\ue4 projects\limesrepo\limes\polarmath\debug\vector2d.obj
d:\programme\ue4 projects\limesrepo\limes\polarmath\debug\polarmath.lib
d:\programme\ue4 projects\limesrepo\limes\polarmath\debug\vc141.idb
d:\programme\ue4 projects\limesrepo\limes\polarmath\debug\gtest.pdb
d:\programme\ue4 projects\limesrepo\limes\polarmath\debug\gtest_main.pdb
d:\programme\ue4 projects\limesrepo\limes\polarmath\debug\polarmathtesting.pdb
d:\programme\ue4 projects\limesrepo\limes\polarmath\debug\vc141.pdb
d:\programme\ue4 projects\limesrepo\limes\polarmath\debug\polarmath.tlog\cl.command.1.tlog
d:\programme\ue4 projects\limesrepo\limes\polarmath\debug\polarmath.tlog\cl.read.1.tlog
d:\programme\ue4 projects\limesrepo\limes\polarmath\debug\polarmath.tlog\cl.write.1.tlog
d:\programme\ue4 projects\limesrepo\limes\polarmath\debug\polarmath.tlog\lib-link.read.1.tlog
d:\programme\ue4 projects\limesrepo\limes\polarmath\debug\polarmath.tlog\lib-link.write.1.tlog
d:\programme\ue4 projects\limesrepo\limes\polarmath\debug\polarmath.tlog\lib.command.1.tlog
d:\programme\ue4 projects\limesrepo\limes\polarmath\debug\polarmath.tlog\link.command.1.tlog
d:\programme\ue4 projects\limesrepo\limes\polarmath\debug\polarmath.tlog\link.read.1.tlog
d:\programme\ue4 projects\limesrepo\limes\polarmath\debug\polarmath.tlog\link.write.1.tlog
